# JRE version: OpenJDK Runtime Environment Temurin-17.0.4.1+1 (17.0.4.1+1) (build 17.0.4.1+1)
# Java VM: OpenJDK 64-Bit Server VM Temurin-17.0.4.1+1 (17.0.4.1+1, mixed mode, emulated-client, tiered, compressed oops, compressed class ptrs, g1 gc, windows-amd64)
GC Precious Log:
 CPUs: 8 total, 8 available
 Memory: 16144M
 Large Page Support: Disabled
 NUMA Support: Disabled
 Compressed Oops: Enabled (Zero based)
 Heap Region Size: 2M
 Heap Min Capacity: 8M
 Heap Initial Capacity: 254M
 Heap Max Capacity: 4038M
 Pre-touch: Disabled
 Parallel Workers: 8
 Concurrent Workers: 2
 Concurrent Refinement Workers: 8
 Periodic GC: Disabled
Heap:
 garbage-first heap   total 264192K, used 84373K [0x0000000703a00000, 0x0000000800000000)
  region size 2048K, 6 young (12288K), 6 survivors (12288K)
 Metaspace       used 35182K, committed 35456K, reserved 1081344K
  class space    used 4571K, committed 4672K, reserved 1048576K
GC Heap History (20 events):
Event: 3.454 GC heap after
{Heap after GC invocations=6 (full 0):
 garbage-first heap   total 49152K, used 12805K [0x0000000703a00000, 0x0000000800000000)
  region size 2048K, 1 young (2048K), 1 survivors (2048K)
 Metaspace       used 25291K, committed 25536K, reserved 1073152K
  class space    used 3107K, committed 3200K, reserved 1048576K
}
Event: 3.848 GC heap before
{Heap before GC invocations=6 (full 0):
 garbage-first heap   total 49152K, used 27141K [0x0000000703a00000, 0x0000000800000000)
  region size 2048K, 9 young (18432K), 1 survivors (2048K)
 Metaspace       used 27602K, committed 27840K, reserved 1073152K
  class space    used 3452K, committed 3584K, reserved 1048576K
}
Event: 3.853 GC heap after
{Heap after GC invocations=7 (full 0):
 garbage-first heap   total 49152K, used 14414K [0x0000000703a00000, 0x0000000800000000)
  region size 2048K, 2 young (4096K), 2 survivors (4096K)
 Metaspace       used 27602K, committed 27840K, reserved 1073152K
  class space    used 3452K, committed 3584K, reserved 1048576K
}
Event: 4.498 GC heap before
{Heap before GC invocations=7 (full 0):
 garbage-first heap   total 49152K, used 28750K [0x0000000703a00000, 0x0000000800000000)
  region size 2048K, 10 young (20480K), 2 survivors (4096K)
 Metaspace       used 31469K, committed 31744K, reserved 1081344K
  class space    used 3970K, committed 4096K, reserved 1048576K
}
Event: 4.509 GC heap after
{Heap after GC invocations=8 (full 0):
 garbage-first heap   total 155648K, used 16028K [0x0000000703a00000, 0x0000000800000000)
  region size 2048K, 2 young (4096K), 2 survivors (4096K)
 Metaspace       used 31469K, committed 31744K, reserved 1081344K
  class space    used 3970K, committed 4096K, reserved 1048576K
}
Event: 5.131 GC heap before
{Heap before GC invocations=8 (full 0):
 garbage-first heap   total 155648K, used 102044K [0x0000000703a00000, 0x0000000800000000)
  region size 2048K, 45 young (92160K), 2 survivors (4096K)
 Metaspace       used 33258K, committed 33536K, reserved 1081344K
  class space    used 4224K, committed 4352K, reserved 1048576K
}
Event: 5.165 GC heap after
{Heap after GC invocations=9 (full 0):
 garbage-first heap   total 155648K, used 30826K [0x0000000703a00000, 0x0000000800000000)
  region size 2048K, 6 young (12288K), 6 survivors (12288K)
 Metaspace       used 33258K, committed 33536K, reserved 1081344K
  class space    used 4224K, committed 4352K, reserved 1048576K
}
Event: 5.951 GC heap before
{Heap before GC invocations=9 (full 0):
 garbage-first heap   total 155648K, used 92266K [0x0000000703a00000, 0x0000000800000000)
  region size 2048K, 37 young (75776K), 6 survivors (12288K)
 Metaspace       used 34974K, committed 35264K, reserved 1081344K
  class space    used 4545K, committed 4672K, reserved 1048576K
}
Event: 5.974 GC heap after
{Heap after GC invocations=10 (full 0):
 garbage-first heap   total 155648K, used 44812K [0x0000000703a00000, 0x0000000800000000)
  region size 2048K, 5 young (10240K), 5 survivors (10240K)
 Metaspace       used 34974K, committed 35264K, reserved 1081344K
  class space    used 4545K, committed 4672K, reserved 1048576K
}
Event: 6.158 GC heap before
{Heap before GC invocations=10 (full 0):
 garbage-first heap   total 155648K, used 100108K [0x0000000703a00000, 0x0000000800000000)
  region size 2048K, 33 young (67584K), 5 survivors (10240K)
 Metaspace       used 35073K, committed 35328K, reserved 1081344K
  class space    used 4556K, committed 4672K, reserved 1048576K
}
Event: 6.192 GC heap after
{Heap after GC invocations=11 (full 0):
 garbage-first heap   total 155648K, used 59710K [0x0000000703a00000, 0x0000000800000000)
  region size 2048K, 5 young (10240K), 5 survivors (10240K)
 Metaspace       used 35073K, committed 35328K, reserved 1081344K
  class space    used 4556K, committed 4672K, reserved 1048576K
}
Event: 6.212 GC heap before
{Heap before GC invocations=11 (full 0):
 garbage-first heap   total 155648K, used 104766K [0x0000000703a00000, 0x0000000800000000)
  region size 2048K, 28 young (57344K), 5 survivors (10240K)
 Metaspace       used 35140K, committed 35392K, reserved 1081344K
  class space    used 4567K, committed 4672K, reserved 1048576K
}
Event: 6.224 GC heap after
{Heap after GC invocations=12 (full 0):
 garbage-first heap   total 264192K, used 64437K [0x0000000703a00000, 0x0000000800000000)
  region size 2048K, 2 young (4096K), 2 survivors (4096K)
 Metaspace       used 35140K, committed 35392K, reserved 1081344K
  class space    used 4567K, committed 4672K, reserved 1048576K
}
Event: 6.295 GC heap before
{Heap before GC invocations=12 (full 0):
 garbage-first heap   total 264192K, used 187317K [0x0000000703a00000, 0x0000000800000000)
  region size 2048K, 63 young (129024K), 2 survivors (4096K)
 Metaspace       used 35178K, committed 35456K, reserved 1081344K
  class space    used 4569K, committed 4672K, reserved 1048576K
}
Event: 6.300 GC heap after
{Heap after GC invocations=13 (full 0):
 garbage-first heap   total 264192K, used 67976K [0x0000000703a00000, 0x0000000800000000)
  region size 2048K, 4 young (8192K), 4 survivors (8192K)
 Metaspace       used 35178K, committed 35456K, reserved 1081344K
  class space    used 4569K, committed 4672K, reserved 1048576K
}
Event: 6.374 GC heap before
{Heap before GC invocations=13 (full 0):
 garbage-first heap   total 264192K, used 194952K [0x0000000703a00000, 0x0000000800000000)
  region size 2048K, 67 young (137216K), 4 survivors (8192K)
 Metaspace       used 35178K, committed 35456K, reserved 1081344K
  class space    used 4569K, committed 4672K, reserved 1048576K
}
Event: 6.382 GC heap after
{Heap after GC invocations=14 (full 0):
 garbage-first heap   total 264192K, used 73167K [0x0000000703a00000, 0x0000000800000000)
  region size 2048K, 6 young (12288K), 6 survivors (12288K)
 Metaspace       used 35178K, committed 35456K, reserved 1081344K
  class space    used 4569K, committed 4672K, reserved 1048576K
}
Event: 6.436 GC heap before
{Heap before GC invocations=14 (full 0):
 garbage-first heap   total 264192K, used 200143K [0x0000000703a00000, 0x0000000800000000)
  region size 2048K, 69 young (141312K), 6 survivors (12288K)
 Metaspace       used 35182K, committed 35456K, reserved 1081344K
  class space    used 4571K, committed 4672K, reserved 1048576K
}
Event: 6.445 GC heap after
{Heap after GC invocations=15 (full 0):
 garbage-first heap   total 264192K, used 78622K [0x0000000703a00000, 0x0000000800000000)
  region size 2048K, 6 young (12288K), 6 survivors (12288K)
 Metaspace       used 35182K, committed 35456K, reserved 1081344K
  class space    used 4571K, committed 4672K, reserved 1048576K
}
Event: 6.513 GC heap before
{Heap before GC invocations=15 (full 0):
 garbage-first heap   total 264192K, used 203550K [0x0000000703a00000, 0x0000000800000000)
  region size 2048K, 68 young (139264K), 6 survivors (12288K)
 Metaspace       used 35182K, committed 35456K, reserved 1081344K
  class space    used 4571K, committed 4672K, reserved 1048576K
}

