# JRE version: OpenJDK Runtime Environment Temurin-17.0.4.1+1 (17.0.4.1+1) (build 17.0.4.1+1)
# Java VM: OpenJDK 64-Bit Server VM Temurin-17.0.4.1+1 (17.0.4.1+1, mixed mode, emulated-client, tiered, compressed oops, compressed class ptrs, g1 gc, windows-amd64)
GC Precious Log:
 CPUs: 8 total, 8 available
 Memory: 16144M
 Large Page Support: Disabled
 NUMA Support: Disabled
 Compressed Oops: Enabled (Zero based)
 Heap Region Size: 2M
 Heap Min Capacity: 8M
 Heap Initial Capacity: 254M
 Heap Max Capacity: 4038M
 Pre-touch: Disabled
 Parallel Workers: 8
 Concurrent Workers: 2
 Concurrent Refinement Workers: 8
 Periodic GC: Disabled
Heap:
 garbage-first heap   total 301056K, used 86245K [0x0000000703a00000, 0x0000000800000000)
  region size 2048K, 7 young (14336K), 7 survivors (14336K)
 Metaspace       used 35184K, committed 35456K, reserved 1081344K
  class space    used 4571K, committed 4672K, reserved 1048576K
GC Heap History (20 events):
Event: 4.565 GC heap after
{Heap after GC invocations=7 (full 0):
 garbage-first heap   total 49152K, used 14649K [0x0000000703a00000, 0x0000000800000000)
  region size 2048K, 2 young (4096K), 2 survivors (4096K)
 Metaspace       used 27575K, committed 27840K, reserved 1073152K
  class space    used 3450K, committed 3584K, reserved 1048576K
}
Event: 5.318 GC heap before
{Heap before GC invocations=7 (full 0):
 garbage-first heap   total 49152K, used 31033K [0x0000000703a00000, 0x0000000800000000)
  region size 2048K, 10 young (20480K), 2 survivors (4096K)
 Metaspace       used 31336K, committed 31552K, reserved 1081344K
  class space    used 3950K, committed 4032K, reserved 1048576K
}
Event: 5.331 GC heap after
{Heap after GC invocations=8 (full 0):
 garbage-first heap   total 49152K, used 15793K [0x0000000703a00000, 0x0000000800000000)
  region size 2048K, 1 young (2048K), 1 survivors (2048K)
 Metaspace       used 31336K, committed 31552K, reserved 1081344K
  class space    used 3950K, committed 4032K, reserved 1048576K
}
Event: 5.544 GC heap before
{Heap before GC invocations=8 (full 0):
 garbage-first heap   total 49152K, used 30129K [0x0000000703a00000, 0x0000000800000000)
  region size 2048K, 9 young (18432K), 1 survivors (2048K)
 Metaspace       used 32208K, committed 32448K, reserved 1081344K
  class space    used 4068K, committed 4160K, reserved 1048576K
}
Event: 5.552 GC heap after
{Heap after GC invocations=9 (full 0):
 garbage-first heap   total 155648K, used 18382K [0x0000000703a00000, 0x0000000800000000)
  region size 2048K, 2 young (4096K), 2 survivors (4096K)
 Metaspace       used 32208K, committed 32448K, reserved 1081344K
  class space    used 4068K, committed 4160K, reserved 1048576K
}
Event: 6.021 GC heap before
{Heap before GC invocations=9 (full 0):
 garbage-first heap   total 155648K, used 104398K [0x0000000703a00000, 0x0000000800000000)
  region size 2048K, 45 young (92160K), 2 survivors (4096K)
 Metaspace       used 33343K, committed 33600K, reserved 1081344K
  class space    used 4237K, committed 4352K, reserved 1048576K
}
Event: 6.046 GC heap after
{Heap after GC invocations=10 (full 0):
 garbage-first heap   total 155648K, used 36938K [0x0000000703a00000, 0x0000000800000000)
  region size 2048K, 6 young (12288K), 6 survivors (12288K)
 Metaspace       used 33343K, committed 33600K, reserved 1081344K
  class space    used 4237K, committed 4352K, reserved 1048576K
}
Event: 6.695 GC heap before
{Heap before GC invocations=10 (full 0):
 garbage-first heap   total 155648K, used 94282K [0x0000000703a00000, 0x0000000800000000)
  region size 2048K, 35 young (71680K), 6 survivors (12288K)
 Metaspace       used 34981K, committed 35264K, reserved 1081344K
  class space    used 4547K, committed 4672K, reserved 1048576K
}
Event: 6.717 GC heap after
{Heap after GC invocations=11 (full 0):
 garbage-first heap   total 155648K, used 48782K [0x0000000703a00000, 0x0000000800000000)
  region size 2048K, 5 young (10240K), 5 survivors (10240K)
 Metaspace       used 34981K, committed 35264K, reserved 1081344K
  class space    used 4547K, committed 4672K, reserved 1048576K
}
Event: 6.823 GC heap before
{Heap before GC invocations=11 (full 0):
 garbage-first heap   total 155648K, used 99982K [0x0000000703a00000, 0x0000000800000000)
  region size 2048K, 31 young (63488K), 5 survivors (10240K)
 Metaspace       used 35080K, committed 35328K, reserved 1081344K
  class space    used 4557K, committed 4672K, reserved 1048576K
}
Event: 6.852 GC heap after
{Heap after GC invocations=12 (full 0):
 garbage-first heap   total 155648K, used 58814K [0x0000000703a00000, 0x0000000800000000)
  region size 2048K, 4 young (8192K), 4 survivors (8192K)
 Metaspace       used 35080K, committed 35328K, reserved 1081344K
  class space    used 4557K, committed 4672K, reserved 1048576K
}
Event: 6.877 GC heap before
{Heap before GC invocations=12 (full 0):
 garbage-first heap   total 155648K, used 105918K [0x0000000703a00000, 0x0000000800000000)
  region size 2048K, 28 young (57344K), 4 survivors (8192K)
 Metaspace       used 35085K, committed 35328K, reserved 1081344K
  class space    used 4557K, committed 4672K, reserved 1048576K
}
Event: 6.892 GC heap after
{Heap after GC invocations=13 (full 0):
 garbage-first heap   total 301056K, used 61693K [0x0000000703a00000, 0x0000000800000000)
  region size 2048K, 2 young (4096K), 2 survivors (4096K)
 Metaspace       used 35085K, committed 35328K, reserved 1081344K
  class space    used 4557K, committed 4672K, reserved 1048576K
}
Event: 6.984 GC heap before
{Heap before GC invocations=13 (full 0):
 garbage-first heap   total 301056K, used 188669K [0x0000000703a00000, 0x0000000800000000)
  region size 2048K, 65 young (133120K), 2 survivors (4096K)
 Metaspace       used 35184K, committed 35456K, reserved 1081344K
  class space    used 4570K, committed 4672K, reserved 1048576K
}
Event: 6.990 GC heap after
{Heap after GC invocations=14 (full 0):
 garbage-first heap   total 301056K, used 66591K [0x0000000703a00000, 0x0000000800000000)
  region size 2048K, 4 young (8192K), 4 survivors (8192K)
 Metaspace       used 35184K, committed 35456K, reserved 1081344K
  class space    used 4570K, committed 4672K, reserved 1048576K
}
Event: 7.053 GC heap before
{Heap before GC invocations=14 (full 0):
 garbage-first heap   total 301056K, used 214047K [0x0000000703a00000, 0x0000000800000000)
  region size 2048K, 77 young (157696K), 4 survivors (8192K)
 Metaspace       used 35184K, committed 35456K, reserved 1081344K
  class space    used 4570K, committed 4672K, reserved 1048576K
}
Event: 7.063 GC heap after
{Heap after GC invocations=15 (full 0):
 garbage-first heap   total 301056K, used 72788K [0x0000000703a00000, 0x0000000800000000)
  region size 2048K, 7 young (14336K), 7 survivors (14336K)
 Metaspace       used 35184K, committed 35456K, reserved 1081344K
  class space    used 4570K, committed 4672K, reserved 1048576K
}
Event: 7.139 GC heap before
{Heap before GC invocations=15 (full 0):
 garbage-first heap   total 301056K, used 222292K [0x0000000703a00000, 0x0000000800000000)
  region size 2048K, 81 young (165888K), 7 survivors (14336K)
 Metaspace       used 35184K, committed 35456K, reserved 1081344K
  class space    used 4571K, committed 4672K, reserved 1048576K
}
Event: 7.150 GC heap after
{Heap after GC invocations=16 (full 0):
 garbage-first heap   total 301056K, used 78619K [0x0000000703a00000, 0x0000000800000000)
  region size 2048K, 9 young (18432K), 9 survivors (18432K)
 Metaspace       used 35184K, committed 35456K, reserved 1081344K
  class space    used 4571K, committed 4672K, reserved 1048576K
}
Event: 7.230 GC heap before
{Heap before GC invocations=16 (full 0):
 garbage-first heap   total 301056K, used 230171K [0x0000000703a00000, 0x0000000800000000)
  region size 2048K, 84 young (172032K), 9 survivors (18432K)
 Metaspace       used 35184K, committed 35456K, reserved 1081344K
  class space    used 4571K, committed 4672K, reserved 1048576K
}

