# JRE version: OpenJDK Runtime Environment Temurin-17.0.4.1+1 (17.0.4.1+1) (build 17.0.4.1+1)
# Java VM: OpenJDK 64-Bit Server VM Temurin-17.0.4.1+1 (17.0.4.1+1, mixed mode, emulated-client, tiered, compressed oops, compressed class ptrs, g1 gc, windows-amd64)
GC Precious Log:
 CPUs: 8 total, 8 available
 Memory: 16144M
 Large Page Support: Disabled
 NUMA Support: Disabled
 Compressed Oops: Enabled (Zero based)
 Heap Region Size: 2M
 Heap Min Capacity: 8M
 Heap Initial Capacity: 254M
 Heap Max Capacity: 4038M
 Pre-touch: Disabled
 Parallel Workers: 8
 Concurrent Workers: 2
 Concurrent Refinement Workers: 8
 Periodic GC: Disabled
Heap:
 garbage-first heap   total 311296K, used 89694K [0x0000000703a00000, 0x0000000800000000)
  region size 2048K, 7 young (14336K), 7 survivors (14336K)
 Metaspace       used 35186K, committed 35520K, reserved 1081344K
  class space    used 4574K, committed 4736K, reserved 1048576K
GC Heap History (20 events):
Event: 7.517 GC heap after
{Heap after GC invocations=8 (full 0):
 garbage-first heap   total 49152K, used 19428K [0x0000000703a00000, 0x0000000800000000)
  region size 2048K, 2 young (4096K), 2 survivors (4096K)
 Metaspace       used 32208K, committed 32512K, reserved 1081344K
  class space    used 4068K, committed 4224K, reserved 1048576K
}
Event: 7.674 GC heap before
{Heap before GC invocations=8 (full 0):
 garbage-first heap   total 49152K, used 31716K [0x0000000703a00000, 0x0000000800000000)
  region size 2048K, 9 young (18432K), 2 survivors (4096K)
 Metaspace       used 32319K, committed 32576K, reserved 1081344K
  class space    used 4086K, committed 4224K, reserved 1048576K
}
Event: 7.681 GC heap after
{Heap after GC invocations=9 (full 0):
 garbage-first heap   total 49152K, used 22084K [0x0000000703a00000, 0x0000000800000000)
  region size 2048K, 2 young (4096K), 2 survivors (4096K)
 Metaspace       used 32319K, committed 32576K, reserved 1081344K
  class space    used 4086K, committed 4224K, reserved 1048576K
}
Event: 7.766 GC heap before
{Heap before GC invocations=9 (full 0):
 garbage-first heap   total 49152K, used 30276K [0x0000000703a00000, 0x0000000800000000)
  region size 2048K, 7 young (14336K), 2 survivors (4096K)
 Metaspace       used 32491K, committed 32768K, reserved 1081344K
  class space    used 4111K, committed 4224K, reserved 1048576K
}
Event: 7.771 GC heap after
{Heap after GC invocations=10 (full 0):
 garbage-first heap   total 155648K, used 24365K [0x0000000703a00000, 0x0000000800000000)
  region size 2048K, 1 young (2048K), 1 survivors (2048K)
 Metaspace       used 32491K, committed 32768K, reserved 1081344K
  class space    used 4111K, committed 4224K, reserved 1048576K
}
Event: 8.425 GC heap before
{Heap before GC invocations=10 (full 0):
 garbage-first heap   total 155648K, used 104237K [0x0000000703a00000, 0x0000000800000000)
  region size 2048K, 40 young (81920K), 1 survivors (2048K)
 Metaspace       used 33761K, committed 34048K, reserved 1081344K
  class space    used 4303K, committed 4416K, reserved 1048576K
}
Event: 8.447 GC heap after
{Heap after GC invocations=11 (full 0):
 garbage-first heap   total 155648K, used 40730K [0x0000000703a00000, 0x0000000800000000)
  region size 2048K, 5 young (10240K), 5 survivors (10240K)
 Metaspace       used 33761K, committed 34048K, reserved 1081344K
  class space    used 4303K, committed 4416K, reserved 1048576K
}
Event: 9.257 GC heap before
{Heap before GC invocations=11 (full 0):
 garbage-first heap   total 155648K, used 96026K [0x0000000703a00000, 0x0000000800000000)
  region size 2048K, 33 young (67584K), 5 survivors (10240K)
 Metaspace       used 35073K, committed 35456K, reserved 1081344K
  class space    used 4559K, committed 4736K, reserved 1048576K
}
Event: 9.297 GC heap after
{Heap after GC invocations=12 (full 0):
 garbage-first heap   total 155648K, used 57391K [0x0000000703a00000, 0x0000000800000000)
  region size 2048K, 5 young (10240K), 5 survivors (10240K)
 Metaspace       used 35073K, committed 35456K, reserved 1081344K
  class space    used 4559K, committed 4736K, reserved 1048576K
}
Event: 9.342 GC heap before
{Heap before GC invocations=12 (full 0):
 garbage-first heap   total 155648K, used 100399K [0x0000000703a00000, 0x0000000800000000)
  region size 2048K, 27 young (55296K), 5 survivors (10240K)
 Metaspace       used 35082K, committed 35456K, reserved 1081344K
  class space    used 4561K, committed 4736K, reserved 1048576K
}
Event: 9.362 GC heap after
{Heap after GC invocations=13 (full 0):
 garbage-first heap   total 155648K, used 62327K [0x0000000703a00000, 0x0000000800000000)
  region size 2048K, 2 young (4096K), 2 survivors (4096K)
 Metaspace       used 35082K, committed 35456K, reserved 1081344K
  class space    used 4561K, committed 4736K, reserved 1048576K
}
Event: 9.393 GC heap before
{Heap before GC invocations=13 (full 0):
 garbage-first heap   total 155648K, used 107383K [0x0000000703a00000, 0x0000000800000000)
  region size 2048K, 26 young (53248K), 2 survivors (4096K)
 Metaspace       used 35095K, committed 35456K, reserved 1081344K
  class space    used 4562K, committed 4736K, reserved 1048576K
}
Event: 9.399 GC heap after
{Heap after GC invocations=14 (full 0):
 garbage-first heap   total 311296K, used 62852K [0x0000000703a00000, 0x0000000800000000)
  region size 2048K, 2 young (4096K), 2 survivors (4096K)
 Metaspace       used 35095K, committed 35456K, reserved 1081344K
  class space    used 4562K, committed 4736K, reserved 1048576K
}
Event: 9.531 GC heap before
{Heap before GC invocations=14 (full 0):
 garbage-first heap   total 311296K, used 220548K [0x0000000703a00000, 0x0000000800000000)
  region size 2048K, 80 young (163840K), 2 survivors (4096K)
 Metaspace       used 35185K, committed 35520K, reserved 1081344K
  class space    used 4574K, committed 4736K, reserved 1048576K
}
Event: 9.539 GC heap after
{Heap after GC invocations=15 (full 0):
 garbage-first heap   total 311296K, used 69840K [0x0000000703a00000, 0x0000000800000000)
  region size 2048K, 6 young (12288K), 6 survivors (12288K)
 Metaspace       used 35185K, committed 35520K, reserved 1081344K
  class space    used 4574K, committed 4736K, reserved 1048576K
}
Event: 9.623 GC heap before
{Heap before GC invocations=15 (full 0):
 garbage-first heap   total 311296K, used 231632K [0x0000000703a00000, 0x0000000800000000)
  region size 2048K, 86 young (176128K), 6 survivors (12288K)
 Metaspace       used 35185K, committed 35520K, reserved 1081344K
  class space    used 4574K, committed 4736K, reserved 1048576K
}
Event: 9.634 GC heap after
{Heap after GC invocations=16 (full 0):
 garbage-first heap   total 311296K, used 75751K [0x0000000703a00000, 0x0000000800000000)
  region size 2048K, 9 young (18432K), 9 survivors (18432K)
 Metaspace       used 35185K, committed 35520K, reserved 1081344K
  class space    used 4574K, committed 4736K, reserved 1048576K
}
Event: 9.735 GC heap before
{Heap before GC invocations=16 (full 0):
 garbage-first heap   total 311296K, used 239591K [0x0000000703a00000, 0x0000000800000000)
  region size 2048K, 91 young (186368K), 9 survivors (18432K)
 Metaspace       used 35186K, committed 35520K, reserved 1081344K
  class space    used 4574K, committed 4736K, reserved 1048576K
}
Event: 9.753 GC heap after
{Heap after GC invocations=17 (full 0):
 garbage-first heap   total 311296K, used 83129K [0x0000000703a00000, 0x0000000800000000)
  region size 2048K, 8 young (16384K), 8 survivors (16384K)
 Metaspace       used 35186K, committed 35520K, reserved 1081344K
  class space    used 4574K, committed 4736K, reserved 1048576K
}
Event: 9.850 GC heap before
{Heap before GC invocations=17 (full 0):
 garbage-first heap   total 311296K, used 242873K [0x0000000703a00000, 0x0000000800000000)
  region size 2048K, 88 young (180224K), 8 survivors (16384K)
 Metaspace       used 35186K, committed 35520K, reserved 1081344K
  class space    used 4574K, committed 4736K, reserved 1048576K
}

