# JRE version: OpenJDK Runtime Environment Temurin-17.0.4.1+1 (17.0.4.1+1) (build 17.0.4.1+1)
# Java VM: OpenJDK 64-Bit Server VM Temurin-17.0.4.1+1 (17.0.4.1+1, mixed mode, emulated-client, tiered, compressed oops, compressed class ptrs, g1 gc, windows-amd64)
GC Precious Log:
 CPUs: 8 total, 8 available
 Memory: 16144M
 Large Page Support: Disabled
 NUMA Support: Disabled
 Compressed Oops: Enabled (Zero based)
 Heap Region Size: 2M
 Heap Min Capacity: 8M
 Heap Initial Capacity: 254M
 Heap Max Capacity: 4038M
 Pre-touch: Disabled
 Parallel Workers: 8
 Concurrent Workers: 2
 Concurrent Refinement Workers: 8
 Periodic GC: Disabled
Heap:
 garbage-first heap   total 307200K, used 86533K [0x0000000703a00000, 0x0000000800000000)
  region size 2048K, 7 young (14336K), 7 survivors (14336K)
 Metaspace       used 35185K, committed 35520K, reserved 1081344K
  class space    used 4575K, committed 4736K, reserved 1048576K
GC Heap History (20 events):
Event: 3.825 GC heap after
{Heap after GC invocations=7 (full 0):
 garbage-first heap   total 49152K, used 14516K [0x0000000703a00000, 0x0000000800000000)
  region size 2048K, 2 young (4096K), 2 survivors (4096K)
 Metaspace       used 27713K, committed 27968K, reserved 1081344K
  class space    used 3470K, committed 3584K, reserved 1048576K
}
Event: 4.514 GC heap before
{Heap before GC invocations=7 (full 0):
 garbage-first heap   total 49152K, used 28852K [0x0000000703a00000, 0x0000000800000000)
  region size 2048K, 9 young (18432K), 2 survivors (4096K)
 Metaspace       used 31140K, committed 31360K, reserved 1081344K
  class space    used 3915K, committed 4032K, reserved 1048576K
}
Event: 4.522 GC heap after
{Heap after GC invocations=8 (full 0):
 garbage-first heap   total 49152K, used 15676K [0x0000000703a00000, 0x0000000800000000)
  region size 2048K, 2 young (4096K), 2 survivors (4096K)
 Metaspace       used 31140K, committed 31360K, reserved 1081344K
  class space    used 3915K, committed 4032K, reserved 1048576K
}
Event: 4.709 GC heap before
{Heap before GC invocations=8 (full 0):
 garbage-first heap   total 49152K, used 32060K [0x0000000703a00000, 0x0000000800000000)
  region size 2048K, 10 young (20480K), 2 survivors (4096K)
 Metaspace       used 32168K, committed 32448K, reserved 1081344K
  class space    used 4060K, committed 4224K, reserved 1048576K
}
Event: 4.716 GC heap after
{Heap after GC invocations=9 (full 0):
 garbage-first heap   total 155648K, used 18298K [0x0000000703a00000, 0x0000000800000000)
  region size 2048K, 2 young (4096K), 2 survivors (4096K)
 Metaspace       used 32168K, committed 32448K, reserved 1081344K
  class space    used 4060K, committed 4224K, reserved 1048576K
}
Event: 5.136 GC heap before
{Heap before GC invocations=9 (full 0):
 garbage-first heap   total 155648K, used 104314K [0x0000000703a00000, 0x0000000800000000)
  region size 2048K, 45 young (92160K), 2 survivors (4096K)
 Metaspace       used 33347K, committed 33600K, reserved 1081344K
  class space    used 4239K, committed 4352K, reserved 1048576K
}
Event: 5.158 GC heap after
{Heap after GC invocations=10 (full 0):
 garbage-first heap   total 155648K, used 35534K [0x0000000703a00000, 0x0000000800000000)
  region size 2048K, 6 young (12288K), 6 survivors (12288K)
 Metaspace       used 33347K, committed 33600K, reserved 1081344K
  class space    used 4239K, committed 4352K, reserved 1048576K
}
Event: 5.622 GC heap before
{Heap before GC invocations=10 (full 0):
 garbage-first heap   total 155648K, used 94926K [0x0000000703a00000, 0x0000000800000000)
  region size 2048K, 36 young (73728K), 6 survivors (12288K)
 Metaspace       used 34979K, committed 35328K, reserved 1081344K
  class space    used 4550K, committed 4736K, reserved 1048576K
}
Event: 5.639 GC heap after
{Heap after GC invocations=11 (full 0):
 garbage-first heap   total 155648K, used 48956K [0x0000000703a00000, 0x0000000800000000)
  region size 2048K, 5 young (10240K), 5 survivors (10240K)
 Metaspace       used 34979K, committed 35328K, reserved 1081344K
  class space    used 4550K, committed 4736K, reserved 1048576K
}
Event: 5.719 GC heap before
{Heap before GC invocations=11 (full 0):
 garbage-first heap   total 155648K, used 102204K [0x0000000703a00000, 0x0000000800000000)
  region size 2048K, 32 young (65536K), 5 survivors (10240K)
 Metaspace       used 35090K, committed 35392K, reserved 1081344K
  class space    used 4561K, committed 4736K, reserved 1048576K
}
Event: 5.741 GC heap after
{Heap after GC invocations=12 (full 0):
 garbage-first heap   total 155648K, used 58630K [0x0000000703a00000, 0x0000000800000000)
  region size 2048K, 4 young (8192K), 4 survivors (8192K)
 Metaspace       used 35090K, committed 35392K, reserved 1081344K
  class space    used 4561K, committed 4736K, reserved 1048576K
}
Event: 5.764 GC heap before
{Heap before GC invocations=12 (full 0):
 garbage-first heap   total 155648K, used 107782K [0x0000000703a00000, 0x0000000800000000)
  region size 2048K, 30 young (61440K), 4 survivors (8192K)
 Metaspace       used 35137K, committed 35456K, reserved 1081344K
  class space    used 4569K, committed 4736K, reserved 1048576K
}
Event: 5.774 GC heap after
{Heap after GC invocations=13 (full 0):
 garbage-first heap   total 307200K, used 62627K [0x0000000703a00000, 0x0000000800000000)
  region size 2048K, 2 young (4096K), 2 survivors (4096K)
 Metaspace       used 35137K, committed 35456K, reserved 1081344K
  class space    used 4569K, committed 4736K, reserved 1048576K
}
Event: 5.841 GC heap before
{Heap before GC invocations=13 (full 0):
 garbage-first heap   total 307200K, used 187555K [0x0000000703a00000, 0x0000000800000000)
  region size 2048K, 64 young (131072K), 2 survivors (4096K)
 Metaspace       used 35185K, committed 35520K, reserved 1081344K
  class space    used 4574K, committed 4736K, reserved 1048576K
}
Event: 5.848 GC heap after
{Heap after GC invocations=14 (full 0):
 garbage-first heap   total 307200K, used 66766K [0x0000000703a00000, 0x0000000800000000)
  region size 2048K, 4 young (8192K), 4 survivors (8192K)
 Metaspace       used 35185K, committed 35520K, reserved 1081344K
  class space    used 4574K, committed 4736K, reserved 1048576K
}
Event: 5.911 GC heap before
{Heap before GC invocations=14 (full 0):
 garbage-first heap   total 307200K, used 216270K [0x0000000703a00000, 0x0000000800000000)
  region size 2048K, 78 young (159744K), 4 survivors (8192K)
 Metaspace       used 35185K, committed 35520K, reserved 1081344K
  class space    used 4574K, committed 4736K, reserved 1048576K
}
Event: 5.918 GC heap after
{Heap after GC invocations=15 (full 0):
 garbage-first heap   total 307200K, used 72877K [0x0000000703a00000, 0x0000000800000000)
  region size 2048K, 7 young (14336K), 7 survivors (14336K)
 Metaspace       used 35185K, committed 35520K, reserved 1081344K
  class space    used 4574K, committed 4736K, reserved 1048576K
}
Event: 5.973 GC heap before
{Heap before GC invocations=15 (full 0):
 garbage-first heap   total 307200K, used 226477K [0x0000000703a00000, 0x0000000800000000)
  region size 2048K, 83 young (169984K), 7 survivors (14336K)
 Metaspace       used 35185K, committed 35520K, reserved 1081344K
  class space    used 4575K, committed 4736K, reserved 1048576K
}
Event: 5.984 GC heap after
{Heap after GC invocations=16 (full 0):
 garbage-first heap   total 307200K, used 79130K [0x0000000703a00000, 0x0000000800000000)
  region size 2048K, 9 young (18432K), 9 survivors (18432K)
 Metaspace       used 35185K, committed 35520K, reserved 1081344K
  class space    used 4575K, committed 4736K, reserved 1048576K
}
Event: 6.036 GC heap before
{Heap before GC invocations=16 (full 0):
 garbage-first heap   total 307200K, used 234778K [0x0000000703a00000, 0x0000000800000000)
  region size 2048K, 87 young (178176K), 9 survivors (18432K)
 Metaspace       used 35185K, committed 35520K, reserved 1081344K
  class space    used 4575K, committed 4736K, reserved 1048576K
}

