# JRE version: OpenJDK Runtime Environment Temurin-17.0.4.1+1 (17.0.4.1+1) (build 17.0.4.1+1)
# Java VM: OpenJDK 64-Bit Server VM Temurin-17.0.4.1+1 (17.0.4.1+1, mixed mode, emulated-client, tiered, compressed oops, compressed class ptrs, g1 gc, windows-amd64)
GC Precious Log:
 CPUs: 8 total, 8 available
 Memory: 16144M
 Large Page Support: Disabled
 NUMA Support: Disabled
 Compressed Oops: Enabled (Zero based)
 Heap Region Size: 2M
 Heap Min Capacity: 8M
 Heap Initial Capacity: 254M
 Heap Max Capacity: 4038M
 Pre-touch: Disabled
 Parallel Workers: 8
 Concurrent Workers: 2
 Concurrent Refinement Workers: 8
 Periodic GC: Disabled
Heap:
 garbage-first heap   total 110592K, used 32532K [0x0000000703a00000, 0x0000000800000000)
  region size 2048K, 1 young (2048K), 0 survivors (0K)
 Metaspace       used 52331K, committed 52864K, reserved 1097728K
  class space    used 6905K, committed 7104K, reserved 1048576K
GC Heap History (20 events):
Event: 121149.531 GC heap before
{Heap before GC invocations=11196 (full 11171):
 garbage-first heap   total 110592K, used 32532K [0x0000000703a00000, 0x0000000800000000)
  region size 2048K, 1 young (2048K), 0 survivors (0K)
 Metaspace       used 52331K, committed 52864K, reserved 1097728K
  class space    used 6905K, committed 7104K, reserved 1048576K
}
Event: 121149.579 GC heap after
{Heap after GC invocations=11197 (full 11172):
 garbage-first heap   total 110592K, used 32532K [0x0000000703a00000, 0x0000000800000000)
  region size 2048K, 0 young (0K), 0 survivors (0K)
 Metaspace       used 52331K, committed 52864K, reserved 1097728K
  class space    used 6905K, committed 7104K, reserved 1048576K
}
Event: 121160.328 GC heap before
{Heap before GC invocations=11197 (full 11172):
 garbage-first heap   total 110592K, used 32532K [0x0000000703a00000, 0x0000000800000000)
  region size 2048K, 1 young (2048K), 0 survivors (0K)
 Metaspace       used 52331K, committed 52864K, reserved 1097728K
  class space    used 6905K, committed 7104K, reserved 1048576K
}
Event: 121160.361 GC heap after
{Heap after GC invocations=11198 (full 11173):
 garbage-first heap   total 110592K, used 32532K [0x0000000703a00000, 0x0000000800000000)
  region size 2048K, 0 young (0K), 0 survivors (0K)
 Metaspace       used 52331K, committed 52864K, reserved 1097728K
  class space    used 6905K, committed 7104K, reserved 1048576K
}
Event: 121171.172 GC heap before
{Heap before GC invocations=11198 (full 11173):
 garbage-first heap   total 110592K, used 32532K [0x0000000703a00000, 0x0000000800000000)
  region size 2048K, 1 young (2048K), 0 survivors (0K)
 Metaspace       used 52331K, committed 52864K, reserved 1097728K
  class space    used 6905K, committed 7104K, reserved 1048576K
}
Event: 121171.206 GC heap after
{Heap after GC invocations=11199 (full 11174):
 garbage-first heap   total 110592K, used 32532K [0x0000000703a00000, 0x0000000800000000)
  region size 2048K, 0 young (0K), 0 survivors (0K)
 Metaspace       used 52331K, committed 52864K, reserved 1097728K
  class space    used 6905K, committed 7104K, reserved 1048576K
}
Event: 121181.991 GC heap before
{Heap before GC invocations=11199 (full 11174):
 garbage-first heap   total 110592K, used 32532K [0x0000000703a00000, 0x0000000800000000)
  region size 2048K, 1 young (2048K), 0 survivors (0K)
 Metaspace       used 52331K, committed 52864K, reserved 1097728K
  class space    used 6905K, committed 7104K, reserved 1048576K
}
Event: 121182.022 GC heap after
{Heap after GC invocations=11200 (full 11175):
 garbage-first heap   total 110592K, used 32532K [0x0000000703a00000, 0x0000000800000000)
  region size 2048K, 0 young (0K), 0 survivors (0K)
 Metaspace       used 52331K, committed 52864K, reserved 1097728K
  class space    used 6905K, committed 7104K, reserved 1048576K
}
Event: 121192.831 GC heap before
{Heap before GC invocations=11200 (full 11175):
 garbage-first heap   total 110592K, used 32532K [0x0000000703a00000, 0x0000000800000000)
  region size 2048K, 1 young (2048K), 0 survivors (0K)
 Metaspace       used 52331K, committed 52864K, reserved 1097728K
  class space    used 6905K, committed 7104K, reserved 1048576K
}
Event: 121192.868 GC heap after
{Heap after GC invocations=11201 (full 11176):
 garbage-first heap   total 110592K, used 32532K [0x0000000703a00000, 0x0000000800000000)
  region size 2048K, 0 young (0K), 0 survivors (0K)
 Metaspace       used 52331K, committed 52864K, reserved 1097728K
  class space    used 6905K, committed 7104K, reserved 1048576K
}
Event: 121203.709 GC heap before
{Heap before GC invocations=11201 (full 11176):
 garbage-first heap   total 110592K, used 32532K [0x0000000703a00000, 0x0000000800000000)
  region size 2048K, 1 young (2048K), 0 survivors (0K)
 Metaspace       used 52331K, committed 52864K, reserved 1097728K
  class space    used 6905K, committed 7104K, reserved 1048576K
}
Event: 121203.746 GC heap after
{Heap after GC invocations=11202 (full 11177):
 garbage-first heap   total 110592K, used 32532K [0x0000000703a00000, 0x0000000800000000)
  region size 2048K, 0 young (0K), 0 survivors (0K)
 Metaspace       used 52331K, committed 52864K, reserved 1097728K
  class space    used 6905K, committed 7104K, reserved 1048576K
}
Event: 121214.540 GC heap before
{Heap before GC invocations=11202 (full 11177):
 garbage-first heap   total 110592K, used 32532K [0x0000000703a00000, 0x0000000800000000)
  region size 2048K, 1 young (2048K), 0 survivors (0K)
 Metaspace       used 52331K, committed 52864K, reserved 1097728K
  class space    used 6905K, committed 7104K, reserved 1048576K
}
Event: 121214.571 GC heap after
{Heap after GC invocations=11203 (full 11178):
 garbage-first heap   total 110592K, used 32532K [0x0000000703a00000, 0x0000000800000000)
  region size 2048K, 0 young (0K), 0 survivors (0K)
 Metaspace       used 52331K, committed 52864K, reserved 1097728K
  class space    used 6905K, committed 7104K, reserved 1048576K
}
Event: 121225.405 GC heap before
{Heap before GC invocations=11203 (full 11178):
 garbage-first heap   total 110592K, used 32532K [0x0000000703a00000, 0x0000000800000000)
  region size 2048K, 1 young (2048K), 0 survivors (0K)
 Metaspace       used 52331K, committed 52864K, reserved 1097728K
  class space    used 6905K, committed 7104K, reserved 1048576K
}
Event: 121225.444 GC heap after
{Heap after GC invocations=11204 (full 11179):
 garbage-first heap   total 110592K, used 32532K [0x0000000703a00000, 0x0000000800000000)
  region size 2048K, 0 young (0K), 0 survivors (0K)
 Metaspace       used 52331K, committed 52864K, reserved 1097728K
  class space    used 6905K, committed 7104K, reserved 1048576K
}
Event: 121236.187 GC heap before
{Heap before GC invocations=11204 (full 11179):
 garbage-first heap   total 110592K, used 32532K [0x0000000703a00000, 0x0000000800000000)
  region size 2048K, 1 young (2048K), 0 survivors (0K)
 Metaspace       used 52331K, committed 52864K, reserved 1097728K
  class space    used 6905K, committed 7104K, reserved 1048576K
}
Event: 121236.222 GC heap after
{Heap after GC invocations=11205 (full 11180):
 garbage-first heap   total 110592K, used 32532K [0x0000000703a00000, 0x0000000800000000)
  region size 2048K, 0 young (0K), 0 survivors (0K)
 Metaspace       used 52331K, committed 52864K, reserved 1097728K
  class space    used 6905K, committed 7104K, reserved 1048576K
}
Event: 121247.051 GC heap before
{Heap before GC invocations=11205 (full 11180):
 garbage-first heap   total 110592K, used 32532K [0x0000000703a00000, 0x0000000800000000)
  region size 2048K, 1 young (2048K), 0 survivors (0K)
 Metaspace       used 52331K, committed 52864K, reserved 1097728K
  class space    used 6905K, committed 7104K, reserved 1048576K
}
Event: 121247.089 GC heap after
{Heap after GC invocations=11206 (full 11181):
 garbage-first heap   total 110592K, used 32532K [0x0000000703a00000, 0x0000000800000000)
  region size 2048K, 0 young (0K), 0 survivors (0K)
 Metaspace       used 52331K, committed 52864K, reserved 1097728K
  class space    used 6905K, committed 7104K, reserved 1048576K
}

